[07/15/2022 23:24:38] Debug: Session id: 72a85751-10cb-49d7-a69f-79ea82fe422a
[07/15/2022 23:24:38] Debug: Code Processor information: Name :SnowConvert, Version: 7.9.130.0
[07/15/2022 23:24:39] Debug: Getting license
[07/15/2022 23:24:39] Debug: License information
	Status: Failed
	Message: No active license available.
[07/15/2022 23:24:39] Info: Starting to validate parameters
[07/15/2022 23:24:39] Info: Parameters to validate: 
	Execution mode: Conversion
[07/15/2022 23:24:39] Info: Validation of parameters: Success
[07/15/2022 23:24:39] Debug: Getting code descriptor
[07/15/2022 23:24:39] Debug: Code descriptor information
	Units: 51
	Units type: LOC
	All file bytes: 2141
	All found extensions: .sql,.dml,.ddl,.bteq,.btq,.fl,.fload,.ml,.mload,.mld,.tp,.tpump,.tpt
[07/15/2022 23:24:39] Debug: Calculating fingerprint
[07/15/2022 23:24:39] Debug: Fingerprint information Fingerprint(size=2141,projects=1)
[07/15/2022 23:24:39] Info: Starting to try to validate online license for execution
[07/15/2022 23:24:41] Debug: Getting license
[07/15/2022 23:24:41] Debug: License information
	Status: Failed
	Message: No active license available.
[07/15/2022 23:24:41] Debug: Starting the execution of the controller
[07/15/2022 23:24:41] Debug: Executing the worker: SnowConvert
[07/15/2022 23:24:56] Debug: Finished executing the worker: SnowConvert
[07/15/2022 23:24:58] Info: Controller execution ended
